2019-04-15 02:44:00<xml><ToUserName><![CDATA[gh_d14de99dd3ea]]></ToUserName>
<FromUserName><![CDATA[ofb0E1V3FgwNLIY7NYq9QTqYmh8c]]></FromUserName>
<CreateTime>1554986013</CreateTime>
<MsgType><![CDATA[text]]></MsgType>
<Content><![CDATA[33666]]></Content>
<MsgId>22262047212855823</MsgId>
</xml>\n2019-04-15 02:44:49<xml><ToUserName><![CDATA[gh_d14de99dd3ea]]></ToUserName>
<FromUserName><![CDATA[ofb0E1V3FgwNLIY7NYq9QTqYmh8c]]></FromUserName>
<CreateTime>1554986013</CreateTime>
<MsgType><![CDATA[text]]></MsgType>
<Content><![CDATA[33666]]></Content>
<MsgId>22262047212855823</MsgId>
</xml>\n2019-04-15 02:45:21<xml><ToUserName><![CDATA[gh_d14de99dd3ea]]></ToUserName>
<FromUserName><![CDATA[ofb0E1V3FgwNLIY7NYq9QTqYmh8c]]></FromUserName>
<CreateTime>1555295824</CreateTime>
<MsgType><![CDATA[event]]></MsgType>
<Event><![CDATA[subscribe]]></Event>
<EventKey><![CDATA[]]></EventKey>
</xml>\n2019-04-15 02:45:47<xml><ToUserName><![CDATA[gh_d14de99dd3ea]]></ToUserName>
<FromUserName><![CDATA[ofb0E1V3FgwNLIY7NYq9QTqYmh8c]]></FromUserName>
<CreateTime>1555295824</CreateTime>
<MsgType><![CDATA[event]]></MsgType>
<Event><![CDATA[subscribe]]></Event>
<EventKey><![CDATA[]]></EventKey>
</xml>\n2019-04-15 02:46:03<xml><ToUserName><![CDATA[gh_d14de99dd3ea]]></ToUserName>
<FromUserName><![CDATA[ofb0E1V3FgwNLIY7NYq9QTqYmh8c]]></FromUserName>
<CreateTime>1555295824</CreateTime>
<MsgType><![CDATA[event]]></MsgType>
<Event><![CDATA[subscribe]]></Event>
<EventKey><![CDATA[]]></EventKey>
</xml>\n2019-04-15 02:46:35<xml><ToUserName><![CDATA[gh_d14de99dd3ea]]></ToUserName>
<FromUserName><![CDATA[ofb0E1V3FgwNLIY7NYq9QTqYmh8c]]></FromUserName>
<CreateTime>1555295824</CreateTime>
<MsgType><![CDATA[event]]></MsgType>
<Event><![CDATA[subscribe]]></Event>
<EventKey><![CDATA[]]></EventKey>
</xml>\n2019-04-15 02:48:03<xml><ToUserName><![CDATA[gh_d14de99dd3ea]]></ToUserName>
<FromUserName><![CDATA[ofb0E1V3FgwNLIY7NYq9QTqYmh8c]]></FromUserName>
<CreateTime>1555295824</CreateTime>
<MsgType><![CDATA[event]]></MsgType>
<Event><![CDATA[subscribe]]></Event>
<EventKey><![CDATA[]]></EventKey>
</xml>\n